\BOOKMARK [0][-]{chapter*.4}{\315ndice de figuras}{}% 1
\BOOKMARK [0][-]{chapter.1}{Introducci\363n}{}% 2
\BOOKMARK [1][-]{section.1.1}{Rob\363tica actual}{chapter.1}% 3
\BOOKMARK [2][-]{subsection.1.1.1}{Clasificaci\363n}{section.1.1}% 4
\BOOKMARK [2][-]{subsection.1.1.2}{Aplicaciones}{section.1.1}% 5
\BOOKMARK [1][-]{section.1.2}{Rob\363tica A\351rea}{chapter.1}% 6
\BOOKMARK [2][-]{subsection.1.2.1}{Componentes}{section.1.2}% 7
\BOOKMARK [2][-]{subsection.1.2.2}{Movimiento de cuadric\363pteros}{section.1.2}% 8
\BOOKMARK [2][-]{subsection.1.2.3}{Marco legislativo espa\361ol para drones}{section.1.2}% 9
\BOOKMARK [1][-]{section.1.3}{Visi\363n Artificial y Autolocalizaci\363n}{chapter.1}% 10
\BOOKMARK [1][-]{section.1.4}{Rob\363tica a\351rea con JdeRobot}{chapter.1}% 11
\BOOKMARK [0][-]{chapter.2}{Objetivos}{}% 12
\BOOKMARK [1][-]{section.2.1}{Problemas a abordar}{chapter.2}% 13
\BOOKMARK [1][-]{section.2.2}{Requisitos}{chapter.2}% 14
\BOOKMARK [1][-]{section.2.3}{Metodolog\355a}{chapter.2}% 15
\BOOKMARK [1][-]{section.2.4}{Plan de trabajo}{chapter.2}% 16
\BOOKMARK [0][-]{chapter.3}{Infraestructura}{}% 17
\BOOKMARK [1][-]{section.3.1}{Entorno JdeRobot}{chapter.3}% 18
\BOOKMARK [2][-]{subsection.3.1.1}{Herramienta ColorTuner}{section.3.1}% 19
\BOOKMARK [2][-]{subsection.3.1.2}{Interfaz Pose3D}{section.3.1}% 20
\BOOKMARK [2][-]{subsection.3.1.3}{Plugin ArDrone2 en Gazebo}{section.3.1}% 21
\BOOKMARK [2][-]{subsection.3.1.4}{Pr\341ctica Navegaci\363n por control de posici\363n}{section.3.1}% 22
\BOOKMARK [2][-]{subsection.3.1.5}{Pr\341ctica drones Gato-Rat\363n}{section.3.1}% 23
\BOOKMARK [1][-]{section.3.2}{Gazebo}{chapter.3}% 24
\BOOKMARK [1][-]{section.3.3}{Visual States}{chapter.3}% 25
\BOOKMARK [1][-]{section.3.4}{Balizas visuales AprilTags}{chapter.3}% 26
\BOOKMARK [1][-]{section.3.5}{Biblioteca OpenCV}{chapter.3}% 27
\BOOKMARK [1][-]{section.3.6}{Slam-Visualmakers}{chapter.3}% 28
\BOOKMARK [1][-]{section.3.7}{NumPy}{chapter.3}% 29
\BOOKMARK [0][-]{chapter.4}{Desarrollo}{}% 30
\BOOKMARK [1][-]{section.4.1}{JDeRobotAcademy}{chapter.4}% 31
\BOOKMARK [1][-]{section.4.2}{Dise\361o \(mundos y visual\)}{chapter.4}% 32
\BOOKMARK [1][-]{section.4.3}{Primer problema abordado \(drone simple\)}{chapter.4}% 33
\BOOKMARK [1][-]{section.4.4}{Creaci\363n de rutas \(posicion dada\)}{chapter.4}% 34
\BOOKMARK [1][-]{section.4.5}{Aterrizaje visual}{chapter.4}% 35
\BOOKMARK [1][-]{section.4.6}{Anexionar lo anterior en un solo programa}{chapter.4}% 36
\BOOKMARK [1][-]{section.4.7}{Crearlo con VisualStates}{chapter.4}% 37
\BOOKMARK [1][-]{section.4.8}{Cambiar localicalizaci\363n dada por slam-visualmarkers}{chapter.4}% 38
\BOOKMARK [1][-]{section.4.9}{Dividirlo en autolocalizaci\363n y control ?}{chapter.4}% 39
\BOOKMARK [0][-]{chapter.5}{Experimentos \(de momento todos simulados\)}{}% 40
\BOOKMARK [0][-]{chapter.6}{Conclusiones}{}% 41
\BOOKMARK [1][-]{section.6.1}{Conclusiones}{chapter.6}% 42
\BOOKMARK [1][-]{section.6.2}{Trabajos futuros}{chapter.6}% 43
\BOOKMARK [0][-]{chapter.7}{Bibliograf\355a}{}% 44
